{"name":"hexo","hostname":"shiyuandeMacBook-Pro.local","pid":2778,"level":20,"msg":"Hexo version: \u001b[35m3.3.1\u001b[39m","time":"2017-04-25T09:48:25.150Z","v":0}
{"name":"hexo","hostname":"shiyuandeMacBook-Pro.local","pid":2778,"level":20,"msg":"Working directory: \u001b[35m~/data/devTools/repo/blog/\u001b[39m","time":"2017-04-25T09:48:25.152Z","v":0}
{"name":"hexo","hostname":"shiyuandeMacBook-Pro.local","pid":2778,"level":20,"msg":"Config loaded: \u001b[35m~/data/devTools/repo/blog/_config.yml\u001b[39m","time":"2017-04-25T09:48:25.276Z","v":0}
{"name":"hexo","hostname":"shiyuandeMacBook-Pro.local","pid":2778,"level":20,"msg":"Plugin loaded: \u001b[35mhexo-generator-index\u001b[39m","time":"2017-04-25T09:48:25.292Z","v":0}
{"name":"hexo","hostname":"shiyuandeMacBook-Pro.local","pid":2778,"level":20,"msg":"Plugin loaded: \u001b[35mhexo-generator-category\u001b[39m","time":"2017-04-25T09:48:25.294Z","v":0}
{"name":"hexo","hostname":"shiyuandeMacBook-Pro.local","pid":2778,"level":20,"msg":"Plugin loaded: \u001b[35mhexo-generator-archive\u001b[39m","time":"2017-04-25T09:48:25.297Z","v":0}
{"name":"hexo","hostname":"shiyuandeMacBook-Pro.local","pid":2778,"level":20,"msg":"Plugin loaded: \u001b[35mhexo-deployer-git\u001b[39m","time":"2017-04-25T09:48:25.299Z","v":0}
{"name":"hexo","hostname":"shiyuandeMacBook-Pro.local","pid":2778,"level":20,"msg":"Plugin loaded: \u001b[35mhexo-generator-tag\u001b[39m","time":"2017-04-25T09:48:25.306Z","v":0}
{"name":"hexo","hostname":"shiyuandeMacBook-Pro.local","pid":2778,"level":20,"msg":"Plugin loaded: \u001b[35mhexo-renderer-marked\u001b[39m","time":"2017-04-25T09:48:25.312Z","v":0}
{"name":"hexo","hostname":"shiyuandeMacBook-Pro.local","pid":2778,"level":20,"msg":"Plugin loaded: \u001b[35mhexo-renderer-stylus\u001b[39m","time":"2017-04-25T09:48:25.313Z","v":0}
{"name":"hexo","hostname":"shiyuandeMacBook-Pro.local","pid":2778,"level":20,"msg":"Plugin loaded: \u001b[35mhexo-renderer-ejs\u001b[39m","time":"2017-04-25T09:48:25.320Z","v":0}
{"name":"hexo","hostname":"shiyuandeMacBook-Pro.local","pid":2778,"level":20,"msg":"Plugin loaded: \u001b[35mhexo-server\u001b[39m","time":"2017-04-25T09:48:25.429Z","v":0}
{"name":"hexo","hostname":"shiyuandeMacBook-Pro.local","pid":2778,"level":20,"msg":"Loading database.","time":"2017-04-25T09:48:25.437Z","v":0}
{"name":"hexo","hostname":"shiyuandeMacBook-Pro.local","pid":2778,"level":30,"msg":"Start processing","time":"2017-04-25T09:48:25.444Z","v":0}
{"name":"hexo","hostname":"shiyuandeMacBook-Pro.local","pid":2778,"level":20,"msg":"Processed: \u001b[35msource/apple-touch-icon.png\u001b[39m","time":"2017-04-25T09:48:25.514Z","v":0}
{"name":"hexo","hostname":"shiyuandeMacBook-Pro.local","pid":2778,"level":20,"msg":"Processed: \u001b[35msource/favicon.ico\u001b[39m","time":"2017-04-25T09:48:25.515Z","v":0}
{"name":"hexo","hostname":"shiyuandeMacBook-Pro.local","pid":2778,"level":20,"msg":"Theme config loaded.","time":"2017-04-25T09:48:25.526Z","v":0}
{"name":"hexo","hostname":"shiyuandeMacBook-Pro.local","pid":2778,"level":20,"msg":"Processed: \u001b[35m_config.yml\u001b[39m","time":"2017-04-25T09:48:25.527Z","v":0}
{"name":"hexo","hostname":"shiyuandeMacBook-Pro.local","pid":2778,"level":20,"msg":"Processed: \u001b[35msource/css/highlight.styl\u001b[39m","time":"2017-04-25T09:48:25.544Z","v":0}
{"name":"hexo","hostname":"shiyuandeMacBook-Pro.local","pid":2778,"level":20,"msg":"Processed: \u001b[35msource/css/style.styl\u001b[39m","time":"2017-04-25T09:48:25.544Z","v":0}
{"name":"hexo","hostname":"shiyuandeMacBook-Pro.local","pid":2778,"level":20,"msg":"Processed: \u001b[35msource/iconfont/iconfont.eot\u001b[39m","time":"2017-04-25T09:48:25.545Z","v":0}
{"name":"hexo","hostname":"shiyuandeMacBook-Pro.local","pid":2778,"level":20,"msg":"Processed: \u001b[35msource/iconfont/iconfont.svg\u001b[39m","time":"2017-04-25T09:48:25.545Z","v":0}
{"name":"hexo","hostname":"shiyuandeMacBook-Pro.local","pid":2778,"level":20,"msg":"Processed: \u001b[35msource/iconfont/iconfont.ttf\u001b[39m","time":"2017-04-25T09:48:25.546Z","v":0}
{"name":"hexo","hostname":"shiyuandeMacBook-Pro.local","pid":2778,"level":20,"msg":"Processed: \u001b[35msource/iconfont/iconfont.woff\u001b[39m","time":"2017-04-25T09:48:25.547Z","v":0}
{"name":"hexo","hostname":"shiyuandeMacBook-Pro.local","pid":2778,"level":20,"msg":"Processed: \u001b[35msource/js/toctotop.js\u001b[39m","time":"2017-04-25T09:48:25.550Z","v":0}
{"name":"hexo","hostname":"shiyuandeMacBook-Pro.local","pid":2778,"level":20,"msg":"Processed: \u001b[35msource/js/search.json.js\u001b[39m","time":"2017-04-25T09:48:25.552Z","v":0}
{"name":"hexo","hostname":"shiyuandeMacBook-Pro.local","pid":2778,"level":20,"msg":"Processed: \u001b[35msource/js/totop.js\u001b[39m","time":"2017-04-25T09:48:25.553Z","v":0}
{"name":"hexo","hostname":"shiyuandeMacBook-Pro.local","pid":2778,"level":20,"msg":"Processed: \u001b[35mlayout/archive.jade\u001b[39m","time":"2017-04-25T09:48:25.562Z","v":0}
{"name":"hexo","hostname":"shiyuandeMacBook-Pro.local","pid":2778,"level":20,"msg":"Processed: \u001b[35mlayout/base.jade\u001b[39m","time":"2017-04-25T09:48:25.562Z","v":0}
{"name":"hexo","hostname":"shiyuandeMacBook-Pro.local","pid":2778,"level":20,"msg":"Processed: \u001b[35mlayout/category.jade\u001b[39m","time":"2017-04-25T09:48:25.562Z","v":0}
{"name":"hexo","hostname":"shiyuandeMacBook-Pro.local","pid":2778,"level":20,"msg":"Processed: \u001b[35mlayout/page.jade\u001b[39m","time":"2017-04-25T09:48:25.562Z","v":0}
{"name":"hexo","hostname":"shiyuandeMacBook-Pro.local","pid":2778,"level":20,"msg":"Processed: \u001b[35mlayout/index.jade\u001b[39m","time":"2017-04-25T09:48:25.562Z","v":0}
{"name":"hexo","hostname":"shiyuandeMacBook-Pro.local","pid":2778,"level":20,"msg":"Processed: \u001b[35mlayout/post.jade\u001b[39m","time":"2017-04-25T09:48:25.562Z","v":0}
{"name":"hexo","hostname":"shiyuandeMacBook-Pro.local","pid":2778,"level":20,"msg":"Processed: \u001b[35mlayout/tag.jade\u001b[39m","time":"2017-04-25T09:48:25.562Z","v":0}
{"name":"hexo","hostname":"shiyuandeMacBook-Pro.local","pid":2778,"level":20,"msg":"Processed: \u001b[35m_posts/hello-world.md\u001b[39m","time":"2017-04-25T09:48:25.579Z","v":0}
{"name":"hexo","hostname":"shiyuandeMacBook-Pro.local","pid":2778,"level":20,"msg":"Processed: \u001b[35mlanguages/de-DE.yml\u001b[39m","time":"2017-04-25T09:48:25.580Z","v":0}
{"name":"hexo","hostname":"shiyuandeMacBook-Pro.local","pid":2778,"level":20,"msg":"Processed: \u001b[35mlanguages/en.yml\u001b[39m","time":"2017-04-25T09:48:25.581Z","v":0}
{"name":"hexo","hostname":"shiyuandeMacBook-Pro.local","pid":2778,"level":20,"msg":"Processed: \u001b[35mlanguages/fr-FR.yml\u001b[39m","time":"2017-04-25T09:48:25.581Z","v":0}
{"name":"hexo","hostname":"shiyuandeMacBook-Pro.local","pid":2778,"level":20,"msg":"Processed: \u001b[35mlanguages/es-ES.yml\u001b[39m","time":"2017-04-25T09:48:25.581Z","v":0}
{"name":"hexo","hostname":"shiyuandeMacBook-Pro.local","pid":2778,"level":20,"msg":"Processed: \u001b[35mlanguages/ko.yml\u001b[39m","time":"2017-04-25T09:48:25.581Z","v":0}
{"name":"hexo","hostname":"shiyuandeMacBook-Pro.local","pid":2778,"level":20,"msg":"Processed: \u001b[35mlanguages/zh-TW.yml\u001b[39m","time":"2017-04-25T09:48:25.581Z","v":0}
{"name":"hexo","hostname":"shiyuandeMacBook-Pro.local","pid":2778,"level":20,"msg":"Processed: \u001b[35mlanguages/zh-CN.yml\u001b[39m","time":"2017-04-25T09:48:25.581Z","v":0}
{"name":"hexo","hostname":"shiyuandeMacBook-Pro.local","pid":2778,"level":20,"msg":"Processed: \u001b[35msource/img/bg.jpg\u001b[39m","time":"2017-04-25T09:48:25.583Z","v":0}
{"name":"hexo","hostname":"shiyuandeMacBook-Pro.local","pid":2778,"level":20,"msg":"Processed: \u001b[35mlayout/_partial/after_footer.jade\u001b[39m","time":"2017-04-25T09:48:25.613Z","v":0}
{"name":"hexo","hostname":"shiyuandeMacBook-Pro.local","pid":2778,"level":20,"msg":"Processed: \u001b[35mlayout/_partial/comments.jade\u001b[39m","time":"2017-04-25T09:48:25.613Z","v":0}
{"name":"hexo","hostname":"shiyuandeMacBook-Pro.local","pid":2778,"level":20,"msg":"Processed: \u001b[35mlayout/_partial/comments_js.jade\u001b[39m","time":"2017-04-25T09:48:25.613Z","v":0}
{"name":"hexo","hostname":"shiyuandeMacBook-Pro.local","pid":2778,"level":20,"msg":"Processed: \u001b[35mlayout/_partial/comment_count.jade\u001b[39m","time":"2017-04-25T09:48:25.614Z","v":0}
{"name":"hexo","hostname":"shiyuandeMacBook-Pro.local","pid":2778,"level":20,"msg":"Processed: \u001b[35mlayout/_partial/footer.jade\u001b[39m","time":"2017-04-25T09:48:25.614Z","v":0}
{"name":"hexo","hostname":"shiyuandeMacBook-Pro.local","pid":2778,"level":20,"msg":"Processed: \u001b[35mlayout/_partial/helpers.jade\u001b[39m","time":"2017-04-25T09:48:25.614Z","v":0}
{"name":"hexo","hostname":"shiyuandeMacBook-Pro.local","pid":2778,"level":20,"msg":"Processed: \u001b[35mlayout/_partial/mathjax.jade\u001b[39m","time":"2017-04-25T09:48:25.614Z","v":0}
{"name":"hexo","hostname":"shiyuandeMacBook-Pro.local","pid":2778,"level":20,"msg":"Processed: \u001b[35mlayout/_partial/search.jade\u001b[39m","time":"2017-04-25T09:48:25.614Z","v":0}
{"name":"hexo","hostname":"shiyuandeMacBook-Pro.local","pid":2778,"level":20,"msg":"Processed: \u001b[35mlayout/_partial/mathjax2.jade\u001b[39m","time":"2017-04-25T09:48:25.614Z","v":0}
{"name":"hexo","hostname":"shiyuandeMacBook-Pro.local","pid":2778,"level":20,"msg":"Processed: \u001b[35mlayout/_partial/paginator.jade\u001b[39m","time":"2017-04-25T09:48:25.614Z","v":0}
{"name":"hexo","hostname":"shiyuandeMacBook-Pro.local","pid":2778,"level":20,"msg":"Processed: \u001b[35mlayout/_partial/post_nav.jade\u001b[39m","time":"2017-04-25T09:48:25.614Z","v":0}
{"name":"hexo","hostname":"shiyuandeMacBook-Pro.local","pid":2778,"level":20,"msg":"Processed: \u001b[35mlayout/_partial/share.jade\u001b[39m","time":"2017-04-25T09:48:25.614Z","v":0}
{"name":"hexo","hostname":"shiyuandeMacBook-Pro.local","pid":2778,"level":20,"msg":"Processed: \u001b[35mlayout/_partial/tag.jade\u001b[39m","time":"2017-04-25T09:48:25.614Z","v":0}
{"name":"hexo","hostname":"shiyuandeMacBook-Pro.local","pid":2778,"level":20,"msg":"Processed: \u001b[35mlayout/_partial/totop.jade\u001b[39m","time":"2017-04-25T09:48:25.614Z","v":0}
{"name":"hexo","hostname":"shiyuandeMacBook-Pro.local","pid":2778,"level":20,"msg":"Processed: \u001b[35mlayout/_widget/archive.jade\u001b[39m","time":"2017-04-25T09:48:25.615Z","v":0}
{"name":"hexo","hostname":"shiyuandeMacBook-Pro.local","pid":2778,"level":20,"msg":"Processed: \u001b[35mlayout/_widget/category.jade\u001b[39m","time":"2017-04-25T09:48:25.615Z","v":0}
{"name":"hexo","hostname":"shiyuandeMacBook-Pro.local","pid":2778,"level":20,"msg":"Processed: \u001b[35mlayout/_widget/links.jade\u001b[39m","time":"2017-04-25T09:48:25.615Z","v":0}
{"name":"hexo","hostname":"shiyuandeMacBook-Pro.local","pid":2778,"level":20,"msg":"Processed: \u001b[35mlayout/_widget/recent_posts.jade\u001b[39m","time":"2017-04-25T09:48:25.615Z","v":0}
{"name":"hexo","hostname":"shiyuandeMacBook-Pro.local","pid":2778,"level":20,"msg":"Processed: \u001b[35mlayout/_widget/tag.jade\u001b[39m","time":"2017-04-25T09:48:25.615Z","v":0}
{"name":"hexo","hostname":"shiyuandeMacBook-Pro.local","pid":2778,"level":20,"msg":"Processed: \u001b[35mlayout/_widget/recent_comments.jade\u001b[39m","time":"2017-04-25T09:48:25.617Z","v":0}
{"name":"hexo","hostname":"shiyuandeMacBook-Pro.local","pid":2778,"level":20,"msg":"Processed: \u001b[35mlayout/_widget/weibo.jade\u001b[39m","time":"2017-04-25T09:48:25.617Z","v":0}
{"name":"hexo","hostname":"shiyuandeMacBook-Pro.local","pid":2778,"level":20,"msg":"Generator: \u001b[35mpage\u001b[39m","time":"2017-04-25T09:48:25.805Z","v":0}
{"name":"hexo","hostname":"shiyuandeMacBook-Pro.local","pid":2778,"level":20,"msg":"Generator: \u001b[35mpost\u001b[39m","time":"2017-04-25T09:48:25.805Z","v":0}
{"name":"hexo","hostname":"shiyuandeMacBook-Pro.local","pid":2778,"level":20,"msg":"Generator: \u001b[35mindex\u001b[39m","time":"2017-04-25T09:48:25.805Z","v":0}
{"name":"hexo","hostname":"shiyuandeMacBook-Pro.local","pid":2778,"level":20,"msg":"Generator: \u001b[35mcategory\u001b[39m","time":"2017-04-25T09:48:25.805Z","v":0}
{"name":"hexo","hostname":"shiyuandeMacBook-Pro.local","pid":2778,"level":20,"msg":"Generator: \u001b[35marchive\u001b[39m","time":"2017-04-25T09:48:25.805Z","v":0}
{"name":"hexo","hostname":"shiyuandeMacBook-Pro.local","pid":2778,"level":20,"msg":"Generator: \u001b[35mtag\u001b[39m","time":"2017-04-25T09:48:25.805Z","v":0}
{"name":"hexo","hostname":"shiyuandeMacBook-Pro.local","pid":2778,"level":20,"msg":"Generator: \u001b[35masset\u001b[39m","time":"2017-04-25T09:48:25.806Z","v":0}
{"name":"hexo","hostname":"shiyuandeMacBook-Pro.local","pid":2778,"level":30,"msg":"Hexo is running at \u001b[4mhttp://localhost:4000/\u001b[24m. Press Ctrl+C to stop.","time":"2017-04-25T09:48:25.809Z","v":0}
{"name":"hexo","hostname":"shiyuandeMacBook-Pro.local","pid":2778,"level":20,"msg":"Database saved","time":"2017-04-25T09:48:25.819Z","v":0}
{"name":"hexo","hostname":"shiyuandeMacBook-Pro.local","pid":2778,"level":20,"msg":"Rendering index: \u001b[35mindex.html\u001b[39m","time":"2017-04-25T09:48:34.623Z","v":0}
{"name":"hexo","hostname":"shiyuandeMacBook-Pro.local","pid":2778,"level":20,"msg":"Rendering index: \u001b[35mindex.html\u001b[39m","time":"2017-04-25T09:49:46.349Z","v":0}
{"name":"hexo","hostname":"shiyuandeMacBook-Pro.local","pid":2778,"level":30,"msg":"Bye!","time":"2017-04-25T09:49:49.963Z","v":0}
{"name":"hexo","hostname":"shiyuandeMacBook-Pro.local","pid":2778,"level":20,"msg":"Database saved","time":"2017-04-25T09:49:49.968Z","v":0}
